[14:01:21] [main/INFO] (FabricLoader/GameProvider) Loading Minecraft 1.21.8 with Fabric Loader 0.16.14
[14:01:21] [main/INFO] (FabricLoader) Loading 51 mods:
	- fabric-api 0.130.0+1.21.8
	- fabric-api-base 0.4.64+9ec45cd82c
	- fabric-api-lookup-api-v1 1.6.100+946bf4c32c
	- fabric-biome-api-v1 16.0.11+946bf4c32c
	- fabric-block-api-v1 1.1.3+946bf4c32c
	- fabric-block-view-api-v2 1.0.31+946bf4c32c
	- fabric-client-gametest-api-v1 4.2.5+8a98c3fc2c
	- fabric-command-api-v2 2.3.0+52fff9ec2c
	- fabric-content-registries-v0 10.0.18+946bf4c32c
	- fabric-convention-tags-v1 2.1.40+7f945d5b2c
	- fabric-convention-tags-v2 2.15.5+eb5df52f2c
	- fabric-crash-report-info-v1 0.3.15+946bf4c32c
	- fabric-data-attachment-api-v1 1.8.10+946bf4c32c
	- fabric-data-generation-api-v1 23.2.5+9fc9c3b12c
	- fabric-dimensions-v1 4.0.19+946bf4c32c
	- fabric-entity-events-v1 2.1.1+c9e472732c
	- fabric-events-interaction-v0 4.0.23+946bf4c32c
	- fabric-game-rule-api-v1 1.0.73+c64c9c5b2c
	- fabric-gametest-api-v1 3.1.9+39ce47f52c
	- fabric-item-api-v1 11.4.3+946bf4c32c
	- fabric-item-group-api-v1 4.2.13+946bf4c32c
	- fabric-key-binding-api-v1 1.0.65+946bf4c32c
	- fabric-lifecycle-events-v1 2.6.3+db4dfd852c
	- fabric-loot-api-v2 3.0.55+3f89f5a52c
	- fabric-loot-api-v3 2.0.2+946bf4c32c
	- fabric-message-api-v1 6.1.1+946bf4c32c
	- fabric-model-loading-api-v1 5.2.5+946bf4c32c
	- fabric-networking-api-v1 5.0.1+946bf4c32c
	- fabric-object-builder-api-v1 21.1.7+946bf4c32c
	- fabric-particles-v1 4.1.7+946bf4c32c
	- fabric-recipe-api-v1 8.1.14+946bf4c32c
	- fabric-registry-sync-v0 6.1.27+946bf4c32c
	- fabric-renderer-api-v1 7.0.2+946bf4c32c
	- fabric-renderer-indigo 4.0.2+946bf4c32c
	- fabric-rendering-fluids-v1 3.1.30+fa6cb72b2c
	- fabric-rendering-v1 12.4.0+e8d43c762c
	- fabric-resource-conditions-api-v1 5.0.24+946bf4c32c
	- fabric-resource-loader-v0 3.1.11+946bf4c32c
	- fabric-screen-api-v1 2.1.0+277ecf7d2c
	- fabric-screen-handler-api-v1 1.3.136+946bf4c32c
	- fabric-sound-api-v1 1.0.42+946bf4c32c
	- fabric-tag-api-v1 1.2.1+946bf4c32c
	- fabric-transfer-api-v1 6.0.5+946bf4c32c
	- fabric-transitive-access-wideners-v1 6.4.1+ac3e15d12c
	- fabricloader 0.16.14
	- i_use_arch_btw 2.0
	- java 21
	- minecraft 1.21.8
	- mixinextras 0.4.1
	- modmenu 15.0.0-beta.3
	   \-- placeholder-api 2.7.0+1.21.6
[14:01:24] [main/INFO] (FabricLoader/Mixin) SpongePowered MIXIN Subsystem Version=0.8.7 Source=file:/home/henry/.gradle/caches/modules-2/files-2.1/net.fabricmc/sponge-mixin/0.15.5+mixin.0.8.7/22f9eb729e216a091673a574a5906dc1b9027fb3/sponge-mixin-0.15.5+mixin.0.8.7.jar Service=Knot/Fabric Env=CLIENT
[14:01:24] [main/INFO] (FabricLoader/Mixin) Loaded Fabric development mappings for mixin remapper!
[14:01:24] [main/INFO] (FabricLoader/Mixin) Compatibility level set to JAVA_21
[14:01:25] [main/INFO] (FabricLoader/MixinExtras|Service) Initializing MixinExtras via com.llamalad7.mixinextras.service.MixinExtrasServiceImpl(version=0.4.1).
[14:01:26] [Datafixer Bootstrap/INFO] (Minecraft) 269 Datafixer optimizations took 273 milliseconds
[14:01:29] [Render thread/INFO] (Minecraft) Environment: Environment[sessionHost=https://sessionserver.mojang.com, servicesHost=https://api.minecraftservices.com, name=PROD]
[14:01:29] [Render thread/INFO] (Minecraft) Setting user: Player133
[14:01:29] [Render thread/INFO] (Indigo) [Indigo] Registering Indigo renderer!
[14:01:30] [Render thread/INFO] (Mod Menu/Update Checker) Checking mod updates...
[14:01:30] [Render thread/INFO] (Minecraft) Backend library: LWJGL version 3.3.3-snapshot
[14:01:30] [Render thread/INFO] (Minecraft) Using optional rendering extensions: GL_ARB_buffer_storage, GL_KHR_debug, GL_ARB_vertex_attrib_binding, GL_ARB_direct_state_access
[14:01:31] [Render thread/INFO] (Minecraft) Reloading ResourceManager: vanilla, fabric, fabric-api, fabric-api-base, fabric-api-lookup-api-v1, fabric-biome-api-v1, fabric-block-api-v1, fabric-block-view-api-v2, fabric-client-gametest-api-v1, fabric-command-api-v2, fabric-content-registries-v0, fabric-convention-tags-v1, fabric-convention-tags-v2, fabric-crash-report-info-v1, fabric-data-attachment-api-v1, fabric-data-generation-api-v1, fabric-dimensions-v1, fabric-entity-events-v1, fabric-events-interaction-v0, fabric-game-rule-api-v1, fabric-gametest-api-v1, fabric-item-api-v1, fabric-item-group-api-v1, fabric-key-binding-api-v1, fabric-lifecycle-events-v1, fabric-loot-api-v2, fabric-loot-api-v3, fabric-message-api-v1, fabric-model-loading-api-v1, fabric-networking-api-v1, fabric-object-builder-api-v1, fabric-particles-v1, fabric-recipe-api-v1, fabric-registry-sync-v0, fabric-renderer-api-v1, fabric-renderer-indigo, fabric-rendering-fluids-v1, fabric-rendering-v1, fabric-resource-conditions-api-v1, fabric-resource-loader-v0, fabric-screen-api-v1, fabric-screen-handler-api-v1, fabric-sound-api-v1, fabric-tag-api-v1, fabric-transfer-api-v1, fabric-transitive-access-wideners-v1, fabricloader, i_use_arch_btw, modmenu, placeholder-api
[14:01:31] [Worker-Main-10/INFO] (Minecraft) Found unifont_pua-16.0.03.hex, loading
[14:01:31] [Worker-Main-9/INFO] (Minecraft) Found unifont_all_no_pua-16.0.03.hex, loading
[14:01:31] [Worker-Main-8/INFO] (Minecraft) Found unifont_jp_patch-16.0.03.hex, loading
[14:01:31] [Render thread/INFO] (Minecraft) OpenAL initialized on device Family 17h/19h/1ah HD Audio Controller Analog Stereo
[14:01:31] [Render thread/INFO] (Minecraft) Sound engine started
[14:01:31] [Render thread/INFO] (Minecraft) Created: 1024x512x4 minecraft:textures/atlas/blocks.png-atlas
[14:01:31] [Render thread/INFO] (Minecraft) Created: 256x256x4 minecraft:textures/atlas/signs.png-atlas
[14:01:31] [Render thread/INFO] (Minecraft) Created: 512x512x4 minecraft:textures/atlas/shield_patterns.png-atlas
[14:01:31] [Render thread/INFO] (Minecraft) Created: 512x512x4 minecraft:textures/atlas/banner_patterns.png-atlas
[14:01:31] [Render thread/INFO] (Minecraft) Created: 2048x1024x4 minecraft:textures/atlas/armor_trims.png-atlas
[14:01:31] [Render thread/INFO] (Minecraft) Created: 128x64x4 minecraft:textures/atlas/decorated_pot.png-atlas
[14:01:31] [Render thread/INFO] (Minecraft) Created: 256x256x4 minecraft:textures/atlas/chest.png-atlas
[14:01:31] [Render thread/INFO] (Minecraft) Created: 512x256x4 minecraft:textures/atlas/shulker_boxes.png-atlas
[14:01:31] [Render thread/INFO] (Minecraft) Created: 512x256x4 minecraft:textures/atlas/beds.png-atlas
[14:01:31] [Render thread/INFO] (Minecraft) Created: 64x64x0 minecraft:textures/atlas/map_decorations.png-atlas
[14:01:31] [Render thread/INFO] (Minecraft) Created: 512x256x0 minecraft:textures/atlas/particles.png-atlas
[14:01:31] [Render thread/INFO] (Minecraft) Created: 512x256x0 minecraft:textures/atlas/paintings.png-atlas
[14:01:31] [Render thread/INFO] (Minecraft) Created: 1024x512x0 minecraft:textures/atlas/gui.png-atlas
[14:01:50] [Render thread/INFO] (Minecraft) Loaded 1407 recipes
[14:01:50] [Render thread/INFO] (Minecraft) Loaded 1520 advancements
[14:01:50] [Render thread/INFO] (BiomeModificationImpl) Applied 0 biome modifications to 0 of 65 new biomes in 927.8 μs
[14:01:50] [Server thread/INFO] (Minecraft) Starting integrated minecraft server version 1.21.8
[14:01:50] [Server thread/INFO] (Minecraft) Generating keypair
[14:01:50] [Server thread/INFO] (Minecraft) Preparing start region for dimension minecraft:overworld
[14:01:51] [Render thread/INFO] (Minecraft) Preparing spawn area: 0%
[14:01:51] [Render thread/INFO] (Minecraft) Preparing spawn area: 0%
[14:01:51] [Render thread/INFO] (Minecraft) Time elapsed: 692 ms
[14:01:51] [Server thread/INFO] (Minecraft) Changing view distance to 12, from 10
[14:01:51] [Server thread/INFO] (Minecraft) Changing simulation distance to 12, from 0
[14:01:52] [Server thread/INFO] (Minecraft) Player133[local:E:89047fe7] logged in with entity id 92 at (-13.420834963841584, 74.0, -32.902124963674275)
[14:01:52] [Server thread/INFO] (Minecraft) Player133 joined the game
[14:01:52] [Render thread/INFO] (Minecraft) Loaded 2 advancements
[14:01:52] [Render thread/INFO] (Minecraft) Resizing Dynamic Transforms UBO, capacity limit of 2 reached during a single frame. New capacity will be 4.
[14:01:52] [Render thread/INFO] (Minecraft) Resizing Dynamic Transforms UBO, capacity limit of 4 reached during a single frame. New capacity will be 8.
[14:01:52] [Render thread/INFO] (Minecraft) Resizing Dynamic Transforms UBO, capacity limit of 8 reached during a single frame. New capacity will be 16.
[14:01:52] [Render thread/INFO] (Minecraft) Resizing Dynamic Transforms UBO, capacity limit of 16 reached during a single frame. New capacity will be 32.
[14:01:52] [Render thread/INFO] (Minecraft) Resizing Dynamic Transforms UBO, capacity limit of 32 reached during a single frame. New capacity will be 64.
[14:01:52] [Render thread/INFO] (Minecraft) Resizing Dynamic Transforms UBO, capacity limit of 64 reached during a single frame. New capacity will be 128.
[14:01:53] [Render thread/INFO] (Minecraft) Resizing Dynamic Transforms UBO, capacity limit of 128 reached during a single frame. New capacity will be 256.
[14:01:53] [Render thread/INFO] (Minecraft) Resizing Dynamic Transforms UBO, capacity limit of 256 reached during a single frame. New capacity will be 512.
[14:01:53] [Render thread/INFO] (Minecraft) Resizing Dynamic Transforms UBO, capacity limit of 512 reached during a single frame. New capacity will be 1024.
[14:01:54] [Render thread/INFO] (Minecraft) Resizing Dynamic Transforms UBO, capacity limit of 1024 reached during a single frame. New capacity will be 2048.
[14:01:55] [Server thread/INFO] (Minecraft) [Not Secure] <Player133> i use arch btw
[14:01:55] [Render thread/INFO] (Minecraft) [CHAT] <Player133> i use arch btw
[14:01:56] [Server thread/INFO] (Minecraft) [Not Secure] <Player133> i use arch btw
[14:01:56] [Render thread/INFO] (Minecraft) [CHAT] <Player133> i use arch btw
[14:01:56] [Server thread/INFO] (Minecraft) [Not Secure] <Player133> i use arch btw
[14:01:56] [Render thread/INFO] (Minecraft) [CHAT] <Player133> i use arch btw
[14:01:57] [Server thread/INFO] (Minecraft) [Not Secure] <Player133> i use arch btw
[14:01:57] [Render thread/INFO] (Minecraft) [CHAT] <Player133> i use arch btw
[14:01:57] [Server thread/INFO] (Minecraft) [Not Secure] <Player133> i use arch btw
[14:01:57] [Render thread/INFO] (Minecraft) [CHAT] <Player133> i use arch btw
[14:01:57] [Server thread/INFO] (Minecraft) [Not Secure] <Player133> i use arch btw
[14:01:57] [Render thread/INFO] (Minecraft) [CHAT] <Player133> i use arch btw
[14:01:58] [Server thread/INFO] (Minecraft) [Not Secure] <Player133> i use arch btw
[14:01:58] [Render thread/INFO] (Minecraft) [CHAT] <Player133> i use arch btw
[14:01:58] [Server thread/INFO] (Minecraft) [Not Secure] <Player133> i use arch btw
[14:01:58] [Render thread/INFO] (Minecraft) [CHAT] <Player133> i use arch btw
[14:01:58] [Server thread/INFO] (Minecraft) [Not Secure] <Player133> i use arch btw
[14:01:58] [Render thread/INFO] (Minecraft) [CHAT] <Player133> i use arch btw
[14:01:59] [Server thread/INFO] (Minecraft) [Not Secure] <Player133> i use arch btw
[14:01:59] [Render thread/INFO] (Minecraft) [CHAT] <Player133> i use arch btw
[14:01:59] [Server thread/INFO] (Minecraft) [Not Secure] <Player133> i use arch btw
[14:01:59] [Render thread/INFO] (Minecraft) [CHAT] <Player133> i use arch btw
[14:01:59] [Server thread/INFO] (Minecraft) [Not Secure] <Player133> i use arch btw
[14:02:00] [Render thread/INFO] (Minecraft) [CHAT] <Player133> i use arch btw
[14:02:00] [Server thread/INFO] (Minecraft) [Not Secure] <Player133> i use arch btw
[14:02:00] [Render thread/INFO] (Minecraft) [CHAT] <Player133> i use arch btw
[14:02:00] [Server thread/INFO] (Minecraft) [Not Secure] <Player133> i use arch btw
[14:02:00] [Render thread/INFO] (Minecraft) [CHAT] <Player133> i use arch btw
[14:02:22] [Server thread/INFO] (Minecraft) Saving and pausing game...
[14:02:22] [Server thread/INFO] (Minecraft) Saving chunks for level 'ServerLevel[New World]'/minecraft:overworld
[14:02:22] [Server thread/INFO] (Minecraft) Saving chunks for level 'ServerLevel[New World]'/minecraft:the_nether
[14:02:22] [Server thread/INFO] (Minecraft) Saving chunks for level 'ServerLevel[New World]'/minecraft:the_end
[14:04:53] [Server thread/INFO] (Minecraft) Saving and pausing game...
[14:04:53] [Server thread/INFO] (Minecraft) Saving chunks for level 'ServerLevel[New World]'/minecraft:overworld
[14:04:53] [Server thread/INFO] (Minecraft) Saving chunks for level 'ServerLevel[New World]'/minecraft:the_nether
[14:04:53] [Server thread/INFO] (Minecraft) Saving chunks for level 'ServerLevel[New World]'/minecraft:the_end
[14:04:59] [Server thread/INFO] (Minecraft) [Not Secure] <Player133> i use arch btw
[14:04:59] [Render thread/INFO] (Minecraft) [CHAT] <Player133> i use arch btw
[14:05:00] [Server thread/INFO] (Minecraft) Saving and pausing game...
[14:05:00] [Server thread/INFO] (Minecraft) Saving chunks for level 'ServerLevel[New World]'/minecraft:overworld
[14:05:00] [Server thread/INFO] (Minecraft) Saving chunks for level 'ServerLevel[New World]'/minecraft:the_nether
[14:05:00] [Server thread/INFO] (Minecraft) Saving chunks for level 'ServerLevel[New World]'/minecraft:the_end
[14:05:01] [Server thread/INFO] (Minecraft) Player133 lost connection: Disconnected
[14:05:01] [Server thread/INFO] (Minecraft) Player133 left the game
[14:05:01] [Server thread/INFO] (Minecraft) Stopping singleplayer server as player logged out
[14:05:01] [Server thread/INFO] (Minecraft) Stopping server
[14:05:01] [Server thread/INFO] (Minecraft) Saving players
[14:05:01] [Server thread/INFO] (Minecraft) Saving worlds
[14:05:01] [Server thread/INFO] (Minecraft) Saving chunks for level 'ServerLevel[New World]'/minecraft:overworld
[14:05:01] [Server thread/INFO] (Minecraft) Saving chunks for level 'ServerLevel[New World]'/minecraft:the_nether
[14:05:01] [Server thread/INFO] (Minecraft) Saving chunks for level 'ServerLevel[New World]'/minecraft:the_end
[14:05:01] [Server thread/INFO] (Minecraft) ThreadedAnvilChunkStorage (New World): All chunks are saved
[14:05:01] [Server thread/INFO] (Minecraft) ThreadedAnvilChunkStorage (DIM-1): All chunks are saved
[14:05:01] [Server thread/INFO] (Minecraft) ThreadedAnvilChunkStorage (DIM1): All chunks are saved
[14:05:01] [Server thread/INFO] (Minecraft) ThreadedAnvilChunkStorage: All dimensions are saved
[14:05:06] [Render thread/INFO] (Minecraft) Loaded 1407 recipes
[14:05:06] [Render thread/INFO] (Minecraft) Loaded 1520 advancements
[14:05:06] [Render thread/INFO] (BiomeModificationImpl) Applied 0 biome modifications to 0 of 65 new biomes in 401.1 μs
[14:05:06] [Server thread/INFO] (Minecraft) Starting integrated minecraft server version 1.21.8
[14:05:06] [Server thread/INFO] (Minecraft) Generating keypair
[14:05:06] [Server thread/INFO] (Minecraft) Preparing start region for dimension minecraft:overworld
[14:05:07] [Render thread/INFO] (Minecraft) Preparing spawn area: 0%
[14:05:07] [Render thread/INFO] (Minecraft) Preparing spawn area: 0%
[14:05:07] [Server thread/INFO] (Minecraft) Changing view distance to 12, from 10
[14:05:07] [Server thread/INFO] (Minecraft) Changing simulation distance to 12, from 0
[14:05:07] [Render thread/INFO] (Minecraft) Time elapsed: 665 ms
[14:05:07] [Server thread/INFO] (Minecraft) Player133[local:E:8cb0aa66] logged in with entity id 613 at (-13.420834963841584, 74.0, -32.902124963674275)
[14:05:07] [Server thread/INFO] (Minecraft) Player133 joined the game
[14:05:07] [Render thread/INFO] (Minecraft) Loaded 2 advancements
[14:05:08] [Server thread/INFO] (Minecraft) Saving and pausing game...
[14:05:08] [Server thread/INFO] (Minecraft) Saving chunks for level 'ServerLevel[New World]'/minecraft:overworld
[14:05:08] [Server thread/INFO] (Minecraft) Saving chunks for level 'ServerLevel[New World]'/minecraft:the_nether
[14:05:08] [Server thread/INFO] (Minecraft) Saving chunks for level 'ServerLevel[New World]'/minecraft:the_end
[14:05:12] [Render thread/INFO] (Minecraft) Stopping!
[14:05:12] [Server thread/INFO] (Minecraft) Player133 lost connection: Disconnected
[14:05:12] [Server thread/INFO] (Minecraft) Player133 left the game
[14:05:12] [Server thread/INFO] (Minecraft) Stopping singleplayer server as player logged out
[14:05:12] [Server thread/INFO] (Minecraft) Stopping server
[14:05:12] [Server thread/INFO] (Minecraft) Saving players
[14:05:12] [Server thread/INFO] (Minecraft) Saving worlds
[14:05:13] [Server thread/INFO] (Minecraft) Saving chunks for level 'ServerLevel[New World]'/minecraft:overworld
[14:05:14] [Server thread/INFO] (Minecraft) Saving chunks for level 'ServerLevel[New World]'/minecraft:the_nether
[14:05:14] [Server thread/INFO] (Minecraft) Saving chunks for level 'ServerLevel[New World]'/minecraft:the_end
[14:05:14] [Server thread/INFO] (Minecraft) ThreadedAnvilChunkStorage (New World): All chunks are saved
[14:05:14] [Server thread/INFO] (Minecraft) ThreadedAnvilChunkStorage (DIM-1): All chunks are saved
[14:05:14] [Server thread/INFO] (Minecraft) ThreadedAnvilChunkStorage (DIM1): All chunks are saved
[14:05:14] [Server thread/INFO] (Minecraft) ThreadedAnvilChunkStorage: All dimensions are saved
